

Started GET "/startup_list" for 127.0.0.1 at 2014-11-24 19:40:19 -0500

ActiveRecord::NoDatabaseError (FATAL:  role "peej" does not exist
Run `$ bin/rake db:create db:migrate` to create your database):
  activerecord (4.1.7) lib/active_record/connection_adapters/postgresql_adapter.rb:898:in `rescue in connect'
  activerecord (4.1.7) lib/active_record/connection_adapters/postgresql_adapter.rb:888:in `connect'
  activerecord (4.1.7) lib/active_record/connection_adapters/postgresql_adapter.rb:568:in `initialize'
  activerecord (4.1.7) lib/active_record/connection_adapters/postgresql_adapter.rb:41:in `new'
  activerecord (4.1.7) lib/active_record/connection_adapters/postgresql_adapter.rb:41:in `postgresql_connection'
  activerecord (4.1.7) lib/active_record/connection_adapters/abstract/connection_pool.rb:435:in `new_connection'
  activerecord (4.1.7) lib/active_record/connection_adapters/abstract/connection_pool.rb:445:in `checkout_new_connection'
  activerecord (4.1.7) lib/active_record/connection_adapters/abstract/connection_pool.rb:416:in `acquire_connection'
  activerecord (4.1.7) lib/active_record/connection_adapters/abstract/connection_pool.rb:351:in `block in checkout'
  /home/peej/.rbenv/versions/2.1.0/lib/ruby/2.1.0/monitor.rb:211:in `mon_synchronize'
  activerecord (4.1.7) lib/active_record/connection_adapters/abstract/connection_pool.rb:350:in `checkout'
  activerecord (4.1.7) lib/active_record/connection_adapters/abstract/connection_pool.rb:265:in `block in connection'
  /home/peej/.rbenv/versions/2.1.0/lib/ruby/2.1.0/monitor.rb:211:in `mon_synchronize'
  activerecord (4.1.7) lib/active_record/connection_adapters/abstract/connection_pool.rb:264:in `connection'
  activerecord (4.1.7) lib/active_record/connection_adapters/abstract/connection_pool.rb:541:in `retrieve_connection'
  activerecord (4.1.7) lib/active_record/connection_handling.rb:113:in `retrieve_connection'
  activerecord (4.1.7) lib/active_record/connection_handling.rb:87:in `connection'
  activerecord (4.1.7) lib/active_record/migration.rb:388:in `check_pending!'
  activerecord (4.1.7) lib/active_record/migration.rb:377:in `call'
  actionpack (4.1.7) lib/action_dispatch/middleware/callbacks.rb:29:in `block in call'
  activesupport (4.1.7) lib/active_support/callbacks.rb:82:in `run_callbacks'
  actionpack (4.1.7) lib/action_dispatch/middleware/callbacks.rb:27:in `call'
  actionpack (4.1.7) lib/action_dispatch/middleware/reloader.rb:73:in `call'
  actionpack (4.1.7) lib/action_dispatch/middleware/remote_ip.rb:76:in `call'
  actionpack (4.1.7) lib/action_dispatch/middleware/debug_exceptions.rb:17:in `call'
  actionpack (4.1.7) lib/action_dispatch/middleware/show_exceptions.rb:30:in `call'
  railties (4.1.7) lib/rails/rack/logger.rb:38:in `call_app'
  railties (4.1.7) lib/rails/rack/logger.rb:20:in `block in call'
  activesupport (4.1.7) lib/active_support/tagged_logging.rb:68:in `block in tagged'
  activesupport (4.1.7) lib/active_support/tagged_logging.rb:26:in `tagged'
  activesupport (4.1.7) lib/active_support/tagged_logging.rb:68:in `tagged'
  railties (4.1.7) lib/rails/rack/logger.rb:20:in `call'
  actionpack (4.1.7) lib/action_dispatch/middleware/request_id.rb:21:in `call'
  rack (1.5.2) lib/rack/methodoverride.rb:21:in `call'
  rack (1.5.2) lib/rack/runtime.rb:17:in `call'
  activesupport (4.1.7) lib/active_support/cache/strategy/local_cache_middleware.rb:26:in `call'
  rack (1.5.2) lib/rack/lock.rb:17:in `call'
  actionpack (4.1.7) lib/action_dispatch/middleware/static.rb:84:in `call'
  rack (1.5.2) lib/rack/sendfile.rb:112:in `call'
  railties (4.1.7) lib/rails/engine.rb:514:in `call'
  railties (4.1.7) lib/rails/application.rb:144:in `call'
  rack (1.5.2) lib/rack/lock.rb:17:in `call'
  rack (1.5.2) lib/rack/content_length.rb:14:in `call'
  rack (1.5.2) lib/rack/handler/webrick.rb:60:in `service'
  /home/peej/.rbenv/versions/2.1.0/lib/ruby/2.1.0/webrick/httpserver.rb:138:in `service'
  /home/peej/.rbenv/versions/2.1.0/lib/ruby/2.1.0/webrick/httpserver.rb:94:in `run'
  /home/peej/.rbenv/versions/2.1.0/lib/ruby/2.1.0/webrick/server.rb:295:in `block in start_thread'


  Rendered /home/peej/.rbenv/versions/2.1.0/lib/ruby/gems/2.1.0/gems/actionpack-4.1.7/lib/action_dispatch/middleware/templates/rescues/_source.erb (0.3ms)
  Rendered /home/peej/.rbenv/versions/2.1.0/lib/ruby/gems/2.1.0/gems/actionpack-4.1.7/lib/action_dispatch/middleware/templates/rescues/_trace.html.erb (0.6ms)
  Rendered /home/peej/.rbenv/versions/2.1.0/lib/ruby/gems/2.1.0/gems/actionpack-4.1.7/lib/action_dispatch/middleware/templates/rescues/_request_and_response.html.erb (0.5ms)
  Rendered /home/peej/.rbenv/versions/2.1.0/lib/ruby/gems/2.1.0/gems/actionpack-4.1.7/lib/action_dispatch/middleware/templates/rescues/diagnostics.erb within rescues/layout (9.9ms)


Started GET "/startup_list" for 127.0.0.1 at 2014-11-24 20:18:30 -0500

ActiveRecord::NoDatabaseError (FATAL:  role "peej" does not exist
Run `$ bin/rake db:create db:migrate` to create your database):
  activerecord (4.1.7) lib/active_record/connection_adapters/postgresql_adapter.rb:898:in `rescue in connect'
  activerecord (4.1.7) lib/active_record/connection_adapters/postgresql_adapter.rb:888:in `connect'
  activerecord (4.1.7) lib/active_record/connection_adapters/postgresql_adapter.rb:568:in `initialize'
  activerecord (4.1.7) lib/active_record/connection_adapters/postgresql_adapter.rb:41:in `new'
  activerecord (4.1.7) lib/active_record/connection_adapters/postgresql_adapter.rb:41:in `postgresql_connection'
  activerecord (4.1.7) lib/active_record/connection_adapters/abstract/connection_pool.rb:435:in `new_connection'
  activerecord (4.1.7) lib/active_record/connection_adapters/abstract/connection_pool.rb:445:in `checkout_new_connection'
  activerecord (4.1.7) lib/active_record/connection_adapters/abstract/connection_pool.rb:416:in `acquire_connection'
  activerecord (4.1.7) lib/active_record/connection_adapters/abstract/connection_pool.rb:351:in `block in checkout'
  /home/peej/.rbenv/versions/2.1.0/lib/ruby/2.1.0/monitor.rb:211:in `mon_synchronize'
  activerecord (4.1.7) lib/active_record/connection_adapters/abstract/connection_pool.rb:350:in `checkout'
  activerecord (4.1.7) lib/active_record/connection_adapters/abstract/connection_pool.rb:265:in `block in connection'
  /home/peej/.rbenv/versions/2.1.0/lib/ruby/2.1.0/monitor.rb:211:in `mon_synchronize'
  activerecord (4.1.7) lib/active_record/connection_adapters/abstract/connection_pool.rb:264:in `connection'
  activerecord (4.1.7) lib/active_record/connection_adapters/abstract/connection_pool.rb:541:in `retrieve_connection'
  activerecord (4.1.7) lib/active_record/connection_handling.rb:113:in `retrieve_connection'
  activerecord (4.1.7) lib/active_record/connection_handling.rb:87:in `connection'
  activerecord (4.1.7) lib/active_record/migration.rb:388:in `check_pending!'
  activerecord (4.1.7) lib/active_record/migration.rb:377:in `call'
  actionpack (4.1.7) lib/action_dispatch/middleware/callbacks.rb:29:in `block in call'
  activesupport (4.1.7) lib/active_support/callbacks.rb:82:in `run_callbacks'
  actionpack (4.1.7) lib/action_dispatch/middleware/callbacks.rb:27:in `call'
  actionpack (4.1.7) lib/action_dispatch/middleware/reloader.rb:73:in `call'
  actionpack (4.1.7) lib/action_dispatch/middleware/remote_ip.rb:76:in `call'
  actionpack (4.1.7) lib/action_dispatch/middleware/debug_exceptions.rb:17:in `call'
  actionpack (4.1.7) lib/action_dispatch/middleware/show_exceptions.rb:30:in `call'
  railties (4.1.7) lib/rails/rack/logger.rb:38:in `call_app'
  railties (4.1.7) lib/rails/rack/logger.rb:20:in `block in call'
  activesupport (4.1.7) lib/active_support/tagged_logging.rb:68:in `block in tagged'
  activesupport (4.1.7) lib/active_support/tagged_logging.rb:26:in `tagged'
  activesupport (4.1.7) lib/active_support/tagged_logging.rb:68:in `tagged'
  railties (4.1.7) lib/rails/rack/logger.rb:20:in `call'
  actionpack (4.1.7) lib/action_dispatch/middleware/request_id.rb:21:in `call'
  rack (1.5.2) lib/rack/methodoverride.rb:21:in `call'
  rack (1.5.2) lib/rack/runtime.rb:17:in `call'
  activesupport (4.1.7) lib/active_support/cache/strategy/local_cache_middleware.rb:26:in `call'
  rack (1.5.2) lib/rack/lock.rb:17:in `call'
  actionpack (4.1.7) lib/action_dispatch/middleware/static.rb:84:in `call'
  rack (1.5.2) lib/rack/sendfile.rb:112:in `call'
  railties (4.1.7) lib/rails/engine.rb:514:in `call'
  railties (4.1.7) lib/rails/application.rb:144:in `call'
  rack (1.5.2) lib/rack/lock.rb:17:in `call'
  rack (1.5.2) lib/rack/content_length.rb:14:in `call'
  rack (1.5.2) lib/rack/handler/webrick.rb:60:in `service'
  /home/peej/.rbenv/versions/2.1.0/lib/ruby/2.1.0/webrick/httpserver.rb:138:in `service'
  /home/peej/.rbenv/versions/2.1.0/lib/ruby/2.1.0/webrick/httpserver.rb:94:in `run'
  /home/peej/.rbenv/versions/2.1.0/lib/ruby/2.1.0/webrick/server.rb:295:in `block in start_thread'


  Rendered /home/peej/.rbenv/versions/2.1.0/lib/ruby/gems/2.1.0/gems/actionpack-4.1.7/lib/action_dispatch/middleware/templates/rescues/_source.erb (0.3ms)
  Rendered /home/peej/.rbenv/versions/2.1.0/lib/ruby/gems/2.1.0/gems/actionpack-4.1.7/lib/action_dispatch/middleware/templates/rescues/_trace.html.erb (0.6ms)
  Rendered /home/peej/.rbenv/versions/2.1.0/lib/ruby/gems/2.1.0/gems/actionpack-4.1.7/lib/action_dispatch/middleware/templates/rescues/_request_and_response.html.erb (0.6ms)
  Rendered /home/peej/.rbenv/versions/2.1.0/lib/ruby/gems/2.1.0/gems/actionpack-4.1.7/lib/action_dispatch/middleware/templates/rescues/diagnostics.erb within rescues/layout (10.8ms)


Started GET "/startup_list" for 127.0.0.1 at 2014-11-24 20:23:57 -0500

ActiveRecord::NoDatabaseError (FATAL:  database "startcharlotte_development" does not exist
Run `$ bin/rake db:create db:migrate` to create your database):
  activerecord (4.1.7) lib/active_record/connection_adapters/postgresql_adapter.rb:898:in `rescue in connect'
  activerecord (4.1.7) lib/active_record/connection_adapters/postgresql_adapter.rb:888:in `connect'
  activerecord (4.1.7) lib/active_record/connection_adapters/postgresql_adapter.rb:568:in `initialize'
  activerecord (4.1.7) lib/active_record/connection_adapters/postgresql_adapter.rb:41:in `new'
  activerecord (4.1.7) lib/active_record/connection_adapters/postgresql_adapter.rb:41:in `postgresql_connection'
  activerecord (4.1.7) lib/active_record/connection_adapters/abstract/connection_pool.rb:435:in `new_connection'
  activerecord (4.1.7) lib/active_record/connection_adapters/abstract/connection_pool.rb:445:in `checkout_new_connection'
  activerecord (4.1.7) lib/active_record/connection_adapters/abstract/connection_pool.rb:416:in `acquire_connection'
  activerecord (4.1.7) lib/active_record/connection_adapters/abstract/connection_pool.rb:351:in `block in checkout'
  /home/peej/.rbenv/versions/2.1.0/lib/ruby/2.1.0/monitor.rb:211:in `mon_synchronize'
  activerecord (4.1.7) lib/active_record/connection_adapters/abstract/connection_pool.rb:350:in `checkout'
  activerecord (4.1.7) lib/active_record/connection_adapters/abstract/connection_pool.rb:265:in `block in connection'
  /home/peej/.rbenv/versions/2.1.0/lib/ruby/2.1.0/monitor.rb:211:in `mon_synchronize'
  activerecord (4.1.7) lib/active_record/connection_adapters/abstract/connection_pool.rb:264:in `connection'
  activerecord (4.1.7) lib/active_record/connection_adapters/abstract/connection_pool.rb:541:in `retrieve_connection'
  activerecord (4.1.7) lib/active_record/connection_handling.rb:113:in `retrieve_connection'
  activerecord (4.1.7) lib/active_record/connection_handling.rb:87:in `connection'
  activerecord (4.1.7) lib/active_record/migration.rb:388:in `check_pending!'
  activerecord (4.1.7) lib/active_record/migration.rb:377:in `call'
  actionpack (4.1.7) lib/action_dispatch/middleware/callbacks.rb:29:in `block in call'
  activesupport (4.1.7) lib/active_support/callbacks.rb:82:in `run_callbacks'
  actionpack (4.1.7) lib/action_dispatch/middleware/callbacks.rb:27:in `call'
  actionpack (4.1.7) lib/action_dispatch/middleware/reloader.rb:73:in `call'
  actionpack (4.1.7) lib/action_dispatch/middleware/remote_ip.rb:76:in `call'
  actionpack (4.1.7) lib/action_dispatch/middleware/debug_exceptions.rb:17:in `call'
  actionpack (4.1.7) lib/action_dispatch/middleware/show_exceptions.rb:30:in `call'
  railties (4.1.7) lib/rails/rack/logger.rb:38:in `call_app'
  railties (4.1.7) lib/rails/rack/logger.rb:20:in `block in call'
  activesupport (4.1.7) lib/active_support/tagged_logging.rb:68:in `block in tagged'
  activesupport (4.1.7) lib/active_support/tagged_logging.rb:26:in `tagged'
  activesupport (4.1.7) lib/active_support/tagged_logging.rb:68:in `tagged'
  railties (4.1.7) lib/rails/rack/logger.rb:20:in `call'
  actionpack (4.1.7) lib/action_dispatch/middleware/request_id.rb:21:in `call'
  rack (1.5.2) lib/rack/methodoverride.rb:21:in `call'
  rack (1.5.2) lib/rack/runtime.rb:17:in `call'
  activesupport (4.1.7) lib/active_support/cache/strategy/local_cache_middleware.rb:26:in `call'
  rack (1.5.2) lib/rack/lock.rb:17:in `call'
  actionpack (4.1.7) lib/action_dispatch/middleware/static.rb:84:in `call'
  rack (1.5.2) lib/rack/sendfile.rb:112:in `call'
  railties (4.1.7) lib/rails/engine.rb:514:in `call'
  railties (4.1.7) lib/rails/application.rb:144:in `call'
  rack (1.5.2) lib/rack/lock.rb:17:in `call'
  rack (1.5.2) lib/rack/content_length.rb:14:in `call'
  rack (1.5.2) lib/rack/handler/webrick.rb:60:in `service'
  /home/peej/.rbenv/versions/2.1.0/lib/ruby/2.1.0/webrick/httpserver.rb:138:in `service'
  /home/peej/.rbenv/versions/2.1.0/lib/ruby/2.1.0/webrick/httpserver.rb:94:in `run'
  /home/peej/.rbenv/versions/2.1.0/lib/ruby/2.1.0/webrick/server.rb:295:in `block in start_thread'


  Rendered /home/peej/.rbenv/versions/2.1.0/lib/ruby/gems/2.1.0/gems/actionpack-4.1.7/lib/action_dispatch/middleware/templates/rescues/_source.erb (0.4ms)
  Rendered /home/peej/.rbenv/versions/2.1.0/lib/ruby/gems/2.1.0/gems/actionpack-4.1.7/lib/action_dispatch/middleware/templates/rescues/_trace.html.erb (0.6ms)
  Rendered /home/peej/.rbenv/versions/2.1.0/lib/ruby/gems/2.1.0/gems/actionpack-4.1.7/lib/action_dispatch/middleware/templates/rescues/_request_and_response.html.erb (0.5ms)
  Rendered /home/peej/.rbenv/versions/2.1.0/lib/ruby/gems/2.1.0/gems/actionpack-4.1.7/lib/action_dispatch/middleware/templates/rescues/diagnostics.erb within rescues/layout (10.7ms)
  [1m[36m (3.3ms)[0m  [1mCREATE TABLE "schema_migrations" ("version" character varying(255) NOT NULL) [0m
  [1m[35m (4.6ms)[0m  CREATE UNIQUE INDEX  "unique_schema_migrations" ON "schema_migrations"  ("version")
  [1m[36mActiveRecord::SchemaMigration Load (0.3ms)[0m  [1mSELECT "schema_migrations".* FROM "schema_migrations"[0m
Migrating to DeviseCreateUsers (20141120232123)
  [1m[35m (0.1ms)[0m  BEGIN
  [1m[36m (7.3ms)[0m  [1mCREATE TABLE "users" ("id" serial primary key, "email" character varying(255) DEFAULT '' NOT NULL, "encrypted_password" character varying(255) DEFAULT '' NOT NULL, "reset_password_token" character varying(255), "reset_password_sent_at" timestamp, "remember_created_at" timestamp, "sign_in_count" integer DEFAULT 0 NOT NULL, "current_sign_in_at" timestamp, "last_sign_in_at" timestamp, "current_sign_in_ip" inet, "last_sign_in_ip" inet, "created_at" timestamp, "updated_at" timestamp) [0m
  [1m[35m (2.5ms)[0m  CREATE UNIQUE INDEX  "index_users_on_email" ON "users"  ("email")
  [1m[36m (2.4ms)[0m  [1mCREATE UNIQUE INDEX  "index_users_on_reset_password_token" ON "users"  ("reset_password_token")[0m
  [1m[35mSQL (0.2ms)[0m  INSERT INTO "schema_migrations" ("version") VALUES ($1)  [["version", "20141120232123"]]
  [1m[36m (2.1ms)[0m  [1mCOMMIT[0m
Migrating to RolifyCreateRoles (20141120232128)
  [1m[35m (0.2ms)[0m  BEGIN
  [1m[36m (6.0ms)[0m  [1mCREATE TABLE "roles" ("id" serial primary key, "name" character varying(255), "resource_id" integer, "resource_type" character varying(255), "created_at" timestamp, "updated_at" timestamp) [0m
  [1m[35m (0.4ms)[0m  CREATE TABLE "users_roles" ("user_id" integer, "role_id" integer) 
  [1m[36m (2.2ms)[0m  [1mCREATE  INDEX  "index_roles_on_name" ON "roles"  ("name")[0m
  [1m[35m (2.6ms)[0m  CREATE  INDEX  "index_roles_on_name_and_resource_type_and_resource_id" ON "roles"  ("name", "resource_type", "resource_id")
  [1m[36m (2.2ms)[0m  [1mCREATE  INDEX  "index_users_roles_on_user_id_and_role_id" ON "users_roles"  ("user_id", "role_id")[0m
  [1m[35mSQL (0.2ms)[0m  INSERT INTO "schema_migrations" ("version") VALUES ($1)  [["version", "20141120232128"]]
  [1m[36m (2.0ms)[0m  [1mCOMMIT[0m
Migrating to CreateStartupResources (20141120233008)
  [1m[35m (0.2ms)[0m  BEGIN
  [1m[36m (5.0ms)[0m  [1mCREATE TABLE "startup_resources" ("id" serial primary key, "user_id" integer, "category" character varying(255), "name" character varying(255), "url" character varying(255), "created_at" timestamp, "updated_at" timestamp) [0m
  [1m[35m (1.2ms)[0m  ALTER TABLE "startup_resources" ADD CONSTRAINT "startup_resources_user_id_fk" FOREIGN KEY ("user_id") REFERENCES "users"(id)
  [1m[36mSQL (0.2ms)[0m  [1mINSERT INTO "schema_migrations" ("version") VALUES ($1)[0m  [["version", "20141120233008"]]
  [1m[35m (1.2ms)[0m  COMMIT
Migrating to CreateStartupLists (20141124234435)
  [1m[36m (0.2ms)[0m  [1mBEGIN[0m
  [1m[35m (5.8ms)[0m  CREATE TABLE "startup_lists" ("id" serial primary key, "user_id" integer, "name" character varying(255), "url" character varying(255), "created_at" timestamp, "updated_at" timestamp) 
  [1m[36mSQL (0.2ms)[0m  [1mINSERT INTO "schema_migrations" ("version") VALUES ($1)[0m  [["version", "20141124234435"]]
  [1m[35m (1.6ms)[0m  COMMIT
  [1m[36mActiveRecord::SchemaMigration Load (0.2ms)[0m  [1mSELECT "schema_migrations".* FROM "schema_migrations"[0m
  [1m[35m (1.9ms)[0m  
          SELECT t2.relname AS to_table, a1.attname AS column, a2.attname AS primary_key, c.conname AS name, c.confdeltype AS dependency
          FROM pg_constraint c
          JOIN pg_class t1 ON c.conrelid = t1.oid
          JOIN pg_class t2 ON c.confrelid = t2.oid
          JOIN pg_attribute a1 ON a1.attnum = c.conkey[1] AND a1.attrelid = t1.oid
          JOIN pg_attribute a2 ON a2.attnum = c.confkey[1] AND a2.attrelid = t2.oid
          JOIN pg_namespace t3 ON c.connamespace = t3.oid
          WHERE c.contype = 'f'
            AND t1.relname = 'roles'
            AND t3.nspname = ANY (current_schemas(false))
          ORDER BY c.conname
        
  [1m[36m (1.3ms)[0m  [1m
          SELECT t2.relname AS to_table, a1.attname AS column, a2.attname AS primary_key, c.conname AS name, c.confdeltype AS dependency
          FROM pg_constraint c
          JOIN pg_class t1 ON c.conrelid = t1.oid
          JOIN pg_class t2 ON c.confrelid = t2.oid
          JOIN pg_attribute a1 ON a1.attnum = c.conkey[1] AND a1.attrelid = t1.oid
          JOIN pg_attribute a2 ON a2.attnum = c.confkey[1] AND a2.attrelid = t2.oid
          JOIN pg_namespace t3 ON c.connamespace = t3.oid
          WHERE c.contype = 'f'
            AND t1.relname = 'startup_lists'
            AND t3.nspname = ANY (current_schemas(false))
          ORDER BY c.conname
        [0m
  [1m[35m (1.4ms)[0m  
          SELECT t2.relname AS to_table, a1.attname AS column, a2.attname AS primary_key, c.conname AS name, c.confdeltype AS dependency
          FROM pg_constraint c
          JOIN pg_class t1 ON c.conrelid = t1.oid
          JOIN pg_class t2 ON c.confrelid = t2.oid
          JOIN pg_attribute a1 ON a1.attnum = c.conkey[1] AND a1.attrelid = t1.oid
          JOIN pg_attribute a2 ON a2.attnum = c.confkey[1] AND a2.attrelid = t2.oid
          JOIN pg_namespace t3 ON c.connamespace = t3.oid
          WHERE c.contype = 'f'
            AND t1.relname = 'startup_resources'
            AND t3.nspname = ANY (current_schemas(false))
          ORDER BY c.conname
        
  [1m[36m (1.9ms)[0m  [1m
          SELECT t2.relname AS to_table, a1.attname AS column, a2.attname AS primary_key, c.conname AS name, c.confdeltype AS dependency
          FROM pg_constraint c
          JOIN pg_class t1 ON c.conrelid = t1.oid
          JOIN pg_class t2 ON c.confrelid = t2.oid
          JOIN pg_attribute a1 ON a1.attnum = c.conkey[1] AND a1.attrelid = t1.oid
          JOIN pg_attribute a2 ON a2.attnum = c.confkey[1] AND a2.attrelid = t2.oid
          JOIN pg_namespace t3 ON c.connamespace = t3.oid
          WHERE c.contype = 'f'
            AND t1.relname = 'users'
            AND t3.nspname = ANY (current_schemas(false))
          ORDER BY c.conname
        [0m
  [1m[35m (1.6ms)[0m  
          SELECT t2.relname AS to_table, a1.attname AS column, a2.attname AS primary_key, c.conname AS name, c.confdeltype AS dependency
          FROM pg_constraint c
          JOIN pg_class t1 ON c.conrelid = t1.oid
          JOIN pg_class t2 ON c.confrelid = t2.oid
          JOIN pg_attribute a1 ON a1.attnum = c.conkey[1] AND a1.attrelid = t1.oid
          JOIN pg_attribute a2 ON a2.attnum = c.confkey[1] AND a2.attrelid = t2.oid
          JOIN pg_namespace t3 ON c.connamespace = t3.oid
          WHERE c.contype = 'f'
            AND t1.relname = 'users_roles'
            AND t3.nspname = ANY (current_schemas(false))
          ORDER BY c.conname
        


Started GET "/startup_list" for 127.0.0.1 at 2014-11-24 20:33:10 -0500
  [1m[36mActiveRecord::SchemaMigration Load (0.3ms)[0m  [1mSELECT "schema_migrations".* FROM "schema_migrations"[0m

ActionController::RoutingError (No route matches [GET] "/startup_list"):
  actionpack (4.1.7) lib/action_dispatch/middleware/debug_exceptions.rb:21:in `call'
  actionpack (4.1.7) lib/action_dispatch/middleware/show_exceptions.rb:30:in `call'
  railties (4.1.7) lib/rails/rack/logger.rb:38:in `call_app'
  railties (4.1.7) lib/rails/rack/logger.rb:20:in `block in call'
  activesupport (4.1.7) lib/active_support/tagged_logging.rb:68:in `block in tagged'
  activesupport (4.1.7) lib/active_support/tagged_logging.rb:26:in `tagged'
  activesupport (4.1.7) lib/active_support/tagged_logging.rb:68:in `tagged'
  railties (4.1.7) lib/rails/rack/logger.rb:20:in `call'
  actionpack (4.1.7) lib/action_dispatch/middleware/request_id.rb:21:in `call'
  rack (1.5.2) lib/rack/methodoverride.rb:21:in `call'
  rack (1.5.2) lib/rack/runtime.rb:17:in `call'
  activesupport (4.1.7) lib/active_support/cache/strategy/local_cache_middleware.rb:26:in `call'
  rack (1.5.2) lib/rack/lock.rb:17:in `call'
  actionpack (4.1.7) lib/action_dispatch/middleware/static.rb:84:in `call'
  rack (1.5.2) lib/rack/sendfile.rb:112:in `call'
  railties (4.1.7) lib/rails/engine.rb:514:in `call'
  railties (4.1.7) lib/rails/application.rb:144:in `call'
  rack (1.5.2) lib/rack/lock.rb:17:in `call'
  rack (1.5.2) lib/rack/content_length.rb:14:in `call'
  rack (1.5.2) lib/rack/handler/webrick.rb:60:in `service'
  /home/peej/.rbenv/versions/2.1.0/lib/ruby/2.1.0/webrick/httpserver.rb:138:in `service'
  /home/peej/.rbenv/versions/2.1.0/lib/ruby/2.1.0/webrick/httpserver.rb:94:in `run'
  /home/peej/.rbenv/versions/2.1.0/lib/ruby/2.1.0/webrick/server.rb:295:in `block in start_thread'


  Rendered /home/peej/.rbenv/versions/2.1.0/lib/ruby/gems/2.1.0/gems/actionpack-4.1.7/lib/action_dispatch/middleware/templates/rescues/_trace.html.erb (0.6ms)
  Rendered /home/peej/.rbenv/versions/2.1.0/lib/ruby/gems/2.1.0/gems/actionpack-4.1.7/lib/action_dispatch/middleware/templates/routes/_route.html.erb (1.3ms)
  Rendered /home/peej/.rbenv/versions/2.1.0/lib/ruby/gems/2.1.0/gems/actionpack-4.1.7/lib/action_dispatch/middleware/templates/routes/_table.html.erb (4.4ms)
  Rendered /home/peej/.rbenv/versions/2.1.0/lib/ruby/gems/2.1.0/gems/actionpack-4.1.7/lib/action_dispatch/middleware/templates/rescues/routing_error.html.erb within rescues/layout (21.2ms)
  [1m[36mActiveRecord::SchemaMigration Load (0.2ms)[0m  [1mSELECT "schema_migrations".* FROM "schema_migrations"[0m
  [1m[35mActiveRecord::SchemaMigration Load (0.1ms)[0m  SELECT "schema_migrations".* FROM "schema_migrations"
  [1m[36m (1.4ms)[0m  [1m
          SELECT t2.relname AS to_table, a1.attname AS column, a2.attname AS primary_key, c.conname AS name, c.confdeltype AS dependency
          FROM pg_constraint c
          JOIN pg_class t1 ON c.conrelid = t1.oid
          JOIN pg_class t2 ON c.confrelid = t2.oid
          JOIN pg_attribute a1 ON a1.attnum = c.conkey[1] AND a1.attrelid = t1.oid
          JOIN pg_attribute a2 ON a2.attnum = c.confkey[1] AND a2.attrelid = t2.oid
          JOIN pg_namespace t3 ON c.connamespace = t3.oid
          WHERE c.contype = 'f'
            AND t1.relname = 'roles'
            AND t3.nspname = ANY (current_schemas(false))
          ORDER BY c.conname
        [0m
  [1m[35m (1.2ms)[0m  
          SELECT t2.relname AS to_table, a1.attname AS column, a2.attname AS primary_key, c.conname AS name, c.confdeltype AS dependency
          FROM pg_constraint c
          JOIN pg_class t1 ON c.conrelid = t1.oid
          JOIN pg_class t2 ON c.confrelid = t2.oid
          JOIN pg_attribute a1 ON a1.attnum = c.conkey[1] AND a1.attrelid = t1.oid
          JOIN pg_attribute a2 ON a2.attnum = c.confkey[1] AND a2.attrelid = t2.oid
          JOIN pg_namespace t3 ON c.connamespace = t3.oid
          WHERE c.contype = 'f'
            AND t1.relname = 'startup_lists'
            AND t3.nspname = ANY (current_schemas(false))
          ORDER BY c.conname
        
  [1m[36m (1.3ms)[0m  [1m
          SELECT t2.relname AS to_table, a1.attname AS column, a2.attname AS primary_key, c.conname AS name, c.confdeltype AS dependency
          FROM pg_constraint c
          JOIN pg_class t1 ON c.conrelid = t1.oid
          JOIN pg_class t2 ON c.confrelid = t2.oid
          JOIN pg_attribute a1 ON a1.attnum = c.conkey[1] AND a1.attrelid = t1.oid
          JOIN pg_attribute a2 ON a2.attnum = c.confkey[1] AND a2.attrelid = t2.oid
          JOIN pg_namespace t3 ON c.connamespace = t3.oid
          WHERE c.contype = 'f'
            AND t1.relname = 'startup_resources'
            AND t3.nspname = ANY (current_schemas(false))
          ORDER BY c.conname
        [0m
  [1m[35m (1.4ms)[0m  
          SELECT t2.relname AS to_table, a1.attname AS column, a2.attname AS primary_key, c.conname AS name, c.confdeltype AS dependency
          FROM pg_constraint c
          JOIN pg_class t1 ON c.conrelid = t1.oid
          JOIN pg_class t2 ON c.confrelid = t2.oid
          JOIN pg_attribute a1 ON a1.attnum = c.conkey[1] AND a1.attrelid = t1.oid
          JOIN pg_attribute a2 ON a2.attnum = c.confkey[1] AND a2.attrelid = t2.oid
          JOIN pg_namespace t3 ON c.connamespace = t3.oid
          WHERE c.contype = 'f'
            AND t1.relname = 'users'
            AND t3.nspname = ANY (current_schemas(false))
          ORDER BY c.conname
        
  [1m[36m (1.3ms)[0m  [1m
          SELECT t2.relname AS to_table, a1.attname AS column, a2.attname AS primary_key, c.conname AS name, c.confdeltype AS dependency
          FROM pg_constraint c
          JOIN pg_class t1 ON c.conrelid = t1.oid
          JOIN pg_class t2 ON c.confrelid = t2.oid
          JOIN pg_attribute a1 ON a1.attnum = c.conkey[1] AND a1.attrelid = t1.oid
          JOIN pg_attribute a2 ON a2.attnum = c.confkey[1] AND a2.attrelid = t2.oid
          JOIN pg_namespace t3 ON c.connamespace = t3.oid
          WHERE c.contype = 'f'
            AND t1.relname = 'users_roles'
            AND t3.nspname = ANY (current_schemas(false))
          ORDER BY c.conname
        [0m
  [1m[36m (6.4ms)[0m  [1mCREATE TABLE "schema_migrations" ("version" character varying(255) NOT NULL) [0m
  [1m[35m (4.0ms)[0m  CREATE UNIQUE INDEX  "unique_schema_migrations" ON "schema_migrations"  ("version")
  [1m[36mActiveRecord::SchemaMigration Load (0.3ms)[0m  [1mSELECT "schema_migrations".* FROM "schema_migrations"[0m
Migrating to DeviseCreateUsers (20141120232123)
  [1m[35m (0.1ms)[0m  BEGIN
  [1m[36m (7.2ms)[0m  [1mCREATE TABLE "users" ("id" serial primary key, "email" character varying(255) DEFAULT '' NOT NULL, "encrypted_password" character varying(255) DEFAULT '' NOT NULL, "reset_password_token" character varying(255), "reset_password_sent_at" timestamp, "remember_created_at" timestamp, "sign_in_count" integer DEFAULT 0 NOT NULL, "current_sign_in_at" timestamp, "last_sign_in_at" timestamp, "current_sign_in_ip" inet, "last_sign_in_ip" inet, "created_at" timestamp, "updated_at" timestamp) [0m
  [1m[35m (2.5ms)[0m  CREATE UNIQUE INDEX  "index_users_on_email" ON "users"  ("email")
  [1m[36m (2.6ms)[0m  [1mCREATE UNIQUE INDEX  "index_users_on_reset_password_token" ON "users"  ("reset_password_token")[0m
  [1m[35mSQL (0.2ms)[0m  INSERT INTO "schema_migrations" ("version") VALUES ($1)  [["version", "20141120232123"]]
  [1m[36m (2.3ms)[0m  [1mCOMMIT[0m
Migrating to RolifyCreateRoles (20141120232128)
  [1m[35m (0.2ms)[0m  BEGIN
  [1m[36m (6.2ms)[0m  [1mCREATE TABLE "roles" ("id" serial primary key, "name" character varying(255), "resource_id" integer, "resource_type" character varying(255), "created_at" timestamp, "updated_at" timestamp) [0m
  [1m[35m (0.4ms)[0m  CREATE TABLE "users_roles" ("user_id" integer, "role_id" integer) 
  [1m[36m (2.0ms)[0m  [1mCREATE  INDEX  "index_roles_on_name" ON "roles"  ("name")[0m
  [1m[35m (2.1ms)[0m  CREATE  INDEX  "index_roles_on_name_and_resource_type_and_resource_id" ON "roles"  ("name", "resource_type", "resource_id")
  [1m[36m (2.1ms)[0m  [1mCREATE  INDEX  "index_users_roles_on_user_id_and_role_id" ON "users_roles"  ("user_id", "role_id")[0m
  [1m[35mSQL (0.2ms)[0m  INSERT INTO "schema_migrations" ("version") VALUES ($1)  [["version", "20141120232128"]]
  [1m[36m (1.7ms)[0m  [1mCOMMIT[0m
Migrating to CreateStartupResources (20141120233008)
  [1m[35m (0.2ms)[0m  BEGIN
  [1m[36m (5.8ms)[0m  [1mCREATE TABLE "startup_resources" ("id" serial primary key, "user_id" integer, "category" character varying(255), "name" character varying(255), "url" character varying(255), "created_at" timestamp, "updated_at" timestamp) [0m
  [1m[35m (1.2ms)[0m  ALTER TABLE "startup_resources" ADD CONSTRAINT "startup_resources_user_id_fk" FOREIGN KEY ("user_id") REFERENCES "users"(id)
  [1m[36mSQL (0.2ms)[0m  [1mINSERT INTO "schema_migrations" ("version") VALUES ($1)[0m  [["version", "20141120233008"]]
  [1m[35m (1.5ms)[0m  COMMIT
Migrating to CreateStartupLists (20141124234435)
  [1m[36m (0.2ms)[0m  [1mBEGIN[0m
  [1m[35m (6.2ms)[0m  CREATE TABLE "startup_lists" ("id" serial primary key, "user_id" integer, "name" character varying(255), "url" character varying(255), "created_at" timestamp, "updated_at" timestamp) 
  [1m[36mSQL (0.2ms)[0m  [1mINSERT INTO "schema_migrations" ("version") VALUES ($1)[0m  [["version", "20141124234435"]]
  [1m[35m (1.1ms)[0m  COMMIT
  [1m[36mActiveRecord::SchemaMigration Load (0.2ms)[0m  [1mSELECT "schema_migrations".* FROM "schema_migrations"[0m
  [1m[35m (1.8ms)[0m  
          SELECT t2.relname AS to_table, a1.attname AS column, a2.attname AS primary_key, c.conname AS name, c.confdeltype AS dependency
          FROM pg_constraint c
          JOIN pg_class t1 ON c.conrelid = t1.oid
          JOIN pg_class t2 ON c.confrelid = t2.oid
          JOIN pg_attribute a1 ON a1.attnum = c.conkey[1] AND a1.attrelid = t1.oid
          JOIN pg_attribute a2 ON a2.attnum = c.confkey[1] AND a2.attrelid = t2.oid
          JOIN pg_namespace t3 ON c.connamespace = t3.oid
          WHERE c.contype = 'f'
            AND t1.relname = 'roles'
            AND t3.nspname = ANY (current_schemas(false))
          ORDER BY c.conname
        
  [1m[36m (1.5ms)[0m  [1m
          SELECT t2.relname AS to_table, a1.attname AS column, a2.attname AS primary_key, c.conname AS name, c.confdeltype AS dependency
          FROM pg_constraint c
          JOIN pg_class t1 ON c.conrelid = t1.oid
          JOIN pg_class t2 ON c.confrelid = t2.oid
          JOIN pg_attribute a1 ON a1.attnum = c.conkey[1] AND a1.attrelid = t1.oid
          JOIN pg_attribute a2 ON a2.attnum = c.confkey[1] AND a2.attrelid = t2.oid
          JOIN pg_namespace t3 ON c.connamespace = t3.oid
          WHERE c.contype = 'f'
            AND t1.relname = 'startup_lists'
            AND t3.nspname = ANY (current_schemas(false))
          ORDER BY c.conname
        [0m
  [1m[35m (1.6ms)[0m  
          SELECT t2.relname AS to_table, a1.attname AS column, a2.attname AS primary_key, c.conname AS name, c.confdeltype AS dependency
          FROM pg_constraint c
          JOIN pg_class t1 ON c.conrelid = t1.oid
          JOIN pg_class t2 ON c.confrelid = t2.oid
          JOIN pg_attribute a1 ON a1.attnum = c.conkey[1] AND a1.attrelid = t1.oid
          JOIN pg_attribute a2 ON a2.attnum = c.confkey[1] AND a2.attrelid = t2.oid
          JOIN pg_namespace t3 ON c.connamespace = t3.oid
          WHERE c.contype = 'f'
            AND t1.relname = 'startup_resources'
            AND t3.nspname = ANY (current_schemas(false))
          ORDER BY c.conname
        
  [1m[36m (1.7ms)[0m  [1m
          SELECT t2.relname AS to_table, a1.attname AS column, a2.attname AS primary_key, c.conname AS name, c.confdeltype AS dependency
          FROM pg_constraint c
          JOIN pg_class t1 ON c.conrelid = t1.oid
          JOIN pg_class t2 ON c.confrelid = t2.oid
          JOIN pg_attribute a1 ON a1.attnum = c.conkey[1] AND a1.attrelid = t1.oid
          JOIN pg_attribute a2 ON a2.attnum = c.confkey[1] AND a2.attrelid = t2.oid
          JOIN pg_namespace t3 ON c.connamespace = t3.oid
          WHERE c.contype = 'f'
            AND t1.relname = 'users'
            AND t3.nspname = ANY (current_schemas(false))
          ORDER BY c.conname
        [0m
  [1m[35m (1.7ms)[0m  
          SELECT t2.relname AS to_table, a1.attname AS column, a2.attname AS primary_key, c.conname AS name, c.confdeltype AS dependency
          FROM pg_constraint c
          JOIN pg_class t1 ON c.conrelid = t1.oid
          JOIN pg_class t2 ON c.confrelid = t2.oid
          JOIN pg_attribute a1 ON a1.attnum = c.conkey[1] AND a1.attrelid = t1.oid
          JOIN pg_attribute a2 ON a2.attnum = c.confkey[1] AND a2.attrelid = t2.oid
          JOIN pg_namespace t3 ON c.connamespace = t3.oid
          WHERE c.contype = 'f'
            AND t1.relname = 'users_roles'
            AND t3.nspname = ANY (current_schemas(false))
          ORDER BY c.conname
        


Started GET "/startup_list" for 127.0.0.1 at 2014-11-24 20:36:27 -0500
  [1m[36mActiveRecord::SchemaMigration Load (0.3ms)[0m  [1mSELECT "schema_migrations".* FROM "schema_migrations"[0m

ActionController::RoutingError (No route matches [GET] "/startup_list"):
  actionpack (4.1.7) lib/action_dispatch/middleware/debug_exceptions.rb:21:in `call'
  actionpack (4.1.7) lib/action_dispatch/middleware/show_exceptions.rb:30:in `call'
  railties (4.1.7) lib/rails/rack/logger.rb:38:in `call_app'
  railties (4.1.7) lib/rails/rack/logger.rb:20:in `block in call'
  activesupport (4.1.7) lib/active_support/tagged_logging.rb:68:in `block in tagged'
  activesupport (4.1.7) lib/active_support/tagged_logging.rb:26:in `tagged'
  activesupport (4.1.7) lib/active_support/tagged_logging.rb:68:in `tagged'
  railties (4.1.7) lib/rails/rack/logger.rb:20:in `call'
  actionpack (4.1.7) lib/action_dispatch/middleware/request_id.rb:21:in `call'
  rack (1.5.2) lib/rack/methodoverride.rb:21:in `call'
  rack (1.5.2) lib/rack/runtime.rb:17:in `call'
  activesupport (4.1.7) lib/active_support/cache/strategy/local_cache_middleware.rb:26:in `call'
  rack (1.5.2) lib/rack/lock.rb:17:in `call'
  actionpack (4.1.7) lib/action_dispatch/middleware/static.rb:84:in `call'
  rack (1.5.2) lib/rack/sendfile.rb:112:in `call'
  railties (4.1.7) lib/rails/engine.rb:514:in `call'
  railties (4.1.7) lib/rails/application.rb:144:in `call'
  rack (1.5.2) lib/rack/lock.rb:17:in `call'
  rack (1.5.2) lib/rack/content_length.rb:14:in `call'
  rack (1.5.2) lib/rack/handler/webrick.rb:60:in `service'
  /home/peej/.rbenv/versions/2.1.0/lib/ruby/2.1.0/webrick/httpserver.rb:138:in `service'
  /home/peej/.rbenv/versions/2.1.0/lib/ruby/2.1.0/webrick/httpserver.rb:94:in `run'
  /home/peej/.rbenv/versions/2.1.0/lib/ruby/2.1.0/webrick/server.rb:295:in `block in start_thread'


  Rendered /home/peej/.rbenv/versions/2.1.0/lib/ruby/gems/2.1.0/gems/actionpack-4.1.7/lib/action_dispatch/middleware/templates/rescues/_trace.html.erb (0.6ms)
  Rendered /home/peej/.rbenv/versions/2.1.0/lib/ruby/gems/2.1.0/gems/actionpack-4.1.7/lib/action_dispatch/middleware/templates/routes/_route.html.erb (1.4ms)
  Rendered /home/peej/.rbenv/versions/2.1.0/lib/ruby/gems/2.1.0/gems/actionpack-4.1.7/lib/action_dispatch/middleware/templates/routes/_table.html.erb (3.8ms)
  Rendered /home/peej/.rbenv/versions/2.1.0/lib/ruby/gems/2.1.0/gems/actionpack-4.1.7/lib/action_dispatch/middleware/templates/rescues/routing_error.html.erb within rescues/layout (20.7ms)


Started GET "/startup_list" for 127.0.0.1 at 2014-11-24 20:48:24 -0500

ActionController::RoutingError (uninitialized constant StartupListController):
  activesupport (4.1.7) lib/active_support/inflector/methods.rb:238:in `const_get'
  activesupport (4.1.7) lib/active_support/inflector/methods.rb:238:in `block in constantize'
  activesupport (4.1.7) lib/active_support/inflector/methods.rb:236:in `each'
  activesupport (4.1.7) lib/active_support/inflector/methods.rb:236:in `inject'
  activesupport (4.1.7) lib/active_support/inflector/methods.rb:236:in `constantize'
  actionpack (4.1.7) lib/action_dispatch/routing/route_set.rb:78:in `controller_reference'
  actionpack (4.1.7) lib/action_dispatch/routing/route_set.rb:68:in `controller'
  actionpack (4.1.7) lib/action_dispatch/routing/route_set.rb:46:in `call'
  actionpack (4.1.7) lib/action_dispatch/journey/router.rb:73:in `block in call'
  actionpack (4.1.7) lib/action_dispatch/journey/router.rb:59:in `each'
  actionpack (4.1.7) lib/action_dispatch/journey/router.rb:59:in `call'
  actionpack (4.1.7) lib/action_dispatch/routing/route_set.rb:678:in `call'
  warden (1.2.3) lib/warden/manager.rb:35:in `block in call'
  warden (1.2.3) lib/warden/manager.rb:34:in `catch'
  warden (1.2.3) lib/warden/manager.rb:34:in `call'
  rack (1.5.2) lib/rack/etag.rb:23:in `call'
  rack (1.5.2) lib/rack/conditionalget.rb:25:in `call'
  rack (1.5.2) lib/rack/head.rb:11:in `call'
  actionpack (4.1.7) lib/action_dispatch/middleware/params_parser.rb:27:in `call'
  actionpack (4.1.7) lib/action_dispatch/middleware/flash.rb:254:in `call'
  rack (1.5.2) lib/rack/session/abstract/id.rb:225:in `context'
  rack (1.5.2) lib/rack/session/abstract/id.rb:220:in `call'
  actionpack (4.1.7) lib/action_dispatch/middleware/cookies.rb:560:in `call'
  activerecord (4.1.7) lib/active_record/query_cache.rb:36:in `call'
  activerecord (4.1.7) lib/active_record/connection_adapters/abstract/connection_pool.rb:621:in `call'
  activerecord (4.1.7) lib/active_record/migration.rb:380:in `call'
  actionpack (4.1.7) lib/action_dispatch/middleware/callbacks.rb:29:in `block in call'
  activesupport (4.1.7) lib/active_support/callbacks.rb:82:in `run_callbacks'
  actionpack (4.1.7) lib/action_dispatch/middleware/callbacks.rb:27:in `call'
  actionpack (4.1.7) lib/action_dispatch/middleware/reloader.rb:73:in `call'
  actionpack (4.1.7) lib/action_dispatch/middleware/remote_ip.rb:76:in `call'
  actionpack (4.1.7) lib/action_dispatch/middleware/debug_exceptions.rb:17:in `call'
  actionpack (4.1.7) lib/action_dispatch/middleware/show_exceptions.rb:30:in `call'
  railties (4.1.7) lib/rails/rack/logger.rb:38:in `call_app'
  railties (4.1.7) lib/rails/rack/logger.rb:20:in `block in call'
  activesupport (4.1.7) lib/active_support/tagged_logging.rb:68:in `block in tagged'
  activesupport (4.1.7) lib/active_support/tagged_logging.rb:26:in `tagged'
  activesupport (4.1.7) lib/active_support/tagged_logging.rb:68:in `tagged'
  railties (4.1.7) lib/rails/rack/logger.rb:20:in `call'
  actionpack (4.1.7) lib/action_dispatch/middleware/request_id.rb:21:in `call'
  rack (1.5.2) lib/rack/methodoverride.rb:21:in `call'
  rack (1.5.2) lib/rack/runtime.rb:17:in `call'
  activesupport (4.1.7) lib/active_support/cache/strategy/local_cache_middleware.rb:26:in `call'
  rack (1.5.2) lib/rack/lock.rb:17:in `call'
  actionpack (4.1.7) lib/action_dispatch/middleware/static.rb:84:in `call'
  rack (1.5.2) lib/rack/sendfile.rb:112:in `call'
  railties (4.1.7) lib/rails/engine.rb:514:in `call'
  railties (4.1.7) lib/rails/application.rb:144:in `call'
  rack (1.5.2) lib/rack/lock.rb:17:in `call'
  rack (1.5.2) lib/rack/content_length.rb:14:in `call'
  rack (1.5.2) lib/rack/handler/webrick.rb:60:in `service'
  /home/peej/.rbenv/versions/2.1.0/lib/ruby/2.1.0/webrick/httpserver.rb:138:in `service'
  /home/peej/.rbenv/versions/2.1.0/lib/ruby/2.1.0/webrick/httpserver.rb:94:in `run'
  /home/peej/.rbenv/versions/2.1.0/lib/ruby/2.1.0/webrick/server.rb:295:in `block in start_thread'


  Rendered /home/peej/.rbenv/versions/2.1.0/lib/ruby/gems/2.1.0/gems/actionpack-4.1.7/lib/action_dispatch/middleware/templates/rescues/_trace.html.erb (1.1ms)
  Rendered /home/peej/.rbenv/versions/2.1.0/lib/ruby/gems/2.1.0/gems/actionpack-4.1.7/lib/action_dispatch/middleware/templates/routes/_route.html.erb (2.4ms)
  Rendered /home/peej/.rbenv/versions/2.1.0/lib/ruby/gems/2.1.0/gems/actionpack-4.1.7/lib/action_dispatch/middleware/templates/routes/_table.html.erb (0.7ms)
  Rendered /home/peej/.rbenv/versions/2.1.0/lib/ruby/gems/2.1.0/gems/actionpack-4.1.7/lib/action_dispatch/middleware/templates/rescues/routing_error.html.erb within rescues/layout (33.0ms)


Started GET "/startup_list" for 127.0.0.1 at 2014-11-24 20:49:11 -0500

ActionController::RoutingError (No route matches [GET] "/startup_list"):
  actionpack (4.1.7) lib/action_dispatch/middleware/debug_exceptions.rb:21:in `call'
  actionpack (4.1.7) lib/action_dispatch/middleware/show_exceptions.rb:30:in `call'
  railties (4.1.7) lib/rails/rack/logger.rb:38:in `call_app'
  railties (4.1.7) lib/rails/rack/logger.rb:20:in `block in call'
  activesupport (4.1.7) lib/active_support/tagged_logging.rb:68:in `block in tagged'
  activesupport (4.1.7) lib/active_support/tagged_logging.rb:26:in `tagged'
  activesupport (4.1.7) lib/active_support/tagged_logging.rb:68:in `tagged'
  railties (4.1.7) lib/rails/rack/logger.rb:20:in `call'
  actionpack (4.1.7) lib/action_dispatch/middleware/request_id.rb:21:in `call'
  rack (1.5.2) lib/rack/methodoverride.rb:21:in `call'
  rack (1.5.2) lib/rack/runtime.rb:17:in `call'
  activesupport (4.1.7) lib/active_support/cache/strategy/local_cache_middleware.rb:26:in `call'
  rack (1.5.2) lib/rack/lock.rb:17:in `call'
  actionpack (4.1.7) lib/action_dispatch/middleware/static.rb:84:in `call'
  rack (1.5.2) lib/rack/sendfile.rb:112:in `call'
  railties (4.1.7) lib/rails/engine.rb:514:in `call'
  railties (4.1.7) lib/rails/application.rb:144:in `call'
  rack (1.5.2) lib/rack/lock.rb:17:in `call'
  rack (1.5.2) lib/rack/content_length.rb:14:in `call'
  rack (1.5.2) lib/rack/handler/webrick.rb:60:in `service'
  /home/peej/.rbenv/versions/2.1.0/lib/ruby/2.1.0/webrick/httpserver.rb:138:in `service'
  /home/peej/.rbenv/versions/2.1.0/lib/ruby/2.1.0/webrick/httpserver.rb:94:in `run'
  /home/peej/.rbenv/versions/2.1.0/lib/ruby/2.1.0/webrick/server.rb:295:in `block in start_thread'


  Rendered /home/peej/.rbenv/versions/2.1.0/lib/ruby/gems/2.1.0/gems/actionpack-4.1.7/lib/action_dispatch/middleware/templates/rescues/_trace.html.erb (0.5ms)
  Rendered /home/peej/.rbenv/versions/2.1.0/lib/ruby/gems/2.1.0/gems/actionpack-4.1.7/lib/action_dispatch/middleware/templates/routes/_route.html.erb (1.3ms)
  Rendered /home/peej/.rbenv/versions/2.1.0/lib/ruby/gems/2.1.0/gems/actionpack-4.1.7/lib/action_dispatch/middleware/templates/routes/_table.html.erb (0.5ms)
  Rendered /home/peej/.rbenv/versions/2.1.0/lib/ruby/gems/2.1.0/gems/actionpack-4.1.7/lib/action_dispatch/middleware/templates/rescues/routing_error.html.erb within rescues/layout (14.6ms)


Started GET "/startup_lists" for 127.0.0.1 at 2014-11-24 20:51:11 -0500
Processing by StartupListsController#index as HTML
  [1m[35mStartupList Load (0.4ms)[0m  SELECT "startup_lists".* FROM "startup_lists"
  Rendered startup_lists/index.html.erb within layouts/application (1.5ms)
Completed 200 OK in 2076ms (Views: 2066.0ms | ActiveRecord: 0.4ms)


Started GET "/assets/application.css?body=1" for 127.0.0.1 at 2014-11-24 20:51:13 -0500


Started GET "/assets/ico/favicon.png" for 127.0.0.1 at 2014-11-24 20:51:13 -0500

ActionController::RoutingError (No route matches [GET] "/ico/favicon.png"):
  actionpack (4.1.7) lib/action_dispatch/middleware/debug_exceptions.rb:21:in `call'
  actionpack (4.1.7) lib/action_dispatch/middleware/show_exceptions.rb:30:in `call'
  railties (4.1.7) lib/rails/rack/logger.rb:38:in `call_app'
  railties (4.1.7) lib/rails/rack/logger.rb:20:in `block in call'
  activesupport (4.1.7) lib/active_support/tagged_logging.rb:68:in `block in tagged'
  activesupport (4.1.7) lib/active_support/tagged_logging.rb:26:in `tagged'
  activesupport (4.1.7) lib/active_support/tagged_logging.rb:68:in `tagged'
  railties (4.1.7) lib/rails/rack/logger.rb:20:in `call'
  actionpack (4.1.7) lib/action_dispatch/middleware/request_id.rb:21:in `call'
  rack (1.5.2) lib/rack/methodoverride.rb:21:in `call'
  rack (1.5.2) lib/rack/runtime.rb:17:in `call'
  activesupport (4.1.7) lib/active_support/cache/strategy/local_cache_middleware.rb:26:in `call'
  rack (1.5.2) lib/rack/lock.rb:17:in `call'
  actionpack (4.1.7) lib/action_dispatch/middleware/static.rb:84:in `call'
  rack (1.5.2) lib/rack/sendfile.rb:112:in `call'
  railties (4.1.7) lib/rails/engine.rb:514:in `call'
  railties (4.1.7) lib/rails/application.rb:144:in `call'
  rack (1.5.2) lib/rack/lock.rb:17:in `call'
  rack (1.5.2) lib/rack/content_length.rb:14:in `call'
  rack (1.5.2) lib/rack/handler/webrick.rb:60:in `service'
  /home/peej/.rbenv/versions/2.1.0/lib/ruby/2.1.0/webrick/httpserver.rb:138:in `service'
  /home/peej/.rbenv/versions/2.1.0/lib/ruby/2.1.0/webrick/httpserver.rb:94:in `run'
  /home/peej/.rbenv/versions/2.1.0/lib/ruby/2.1.0/webrick/server.rb:295:in `block in start_thread'


  Rendered /home/peej/.rbenv/versions/2.1.0/lib/ruby/gems/2.1.0/gems/actionpack-4.1.7/lib/action_dispatch/middleware/templates/rescues/_trace.html.erb (0.7ms)
  Rendered /home/peej/.rbenv/versions/2.1.0/lib/ruby/gems/2.1.0/gems/actionpack-4.1.7/lib/action_dispatch/middleware/templates/routes/_route.html.erb (1.6ms)
  Rendered /home/peej/.rbenv/versions/2.1.0/lib/ruby/gems/2.1.0/gems/actionpack-4.1.7/lib/action_dispatch/middleware/templates/routes/_table.html.erb (0.7ms)
  Rendered /home/peej/.rbenv/versions/2.1.0/lib/ruby/gems/2.1.0/gems/actionpack-4.1.7/lib/action_dispatch/middleware/templates/rescues/routing_error.html.erb within rescues/layout (16.3ms)


Started GET "/startup_lists/new" for 127.0.0.1 at 2014-11-24 20:51:38 -0500
Processing by StartupListsController#new as HTML
  Rendered startup_lists/_form.html.erb (13.2ms)
  Rendered startup_lists/new.html.erb within layouts/application (14.4ms)
Completed 200 OK in 93ms (Views: 88.4ms | ActiveRecord: 2.4ms)


Started GET "/assets/application.css?body=1" for 127.0.0.1 at 2014-11-24 20:51:39 -0500


Started POST "/startup_lists" for 127.0.0.1 at 2014-11-24 20:52:05 -0500
Processing by StartupListsController#create as HTML
  Parameters: {"utf8"=>"✓", "authenticity_token"=>"GhXaJMI6+vQPTS4yTUqOhbRKSA8UpM5efSoTuLOlUBM=", "startup_list"=>{"user_id"=>"-1", "name"=>"E8", "url"=>"http://www.e8.com/"}, "commit"=>"Create Startup list"}
  [1m[36m (0.2ms)[0m  [1mBEGIN[0m
  [1m[35mSQL (0.4ms)[0m  INSERT INTO "startup_lists" ("created_at", "name", "updated_at", "url", "user_id") VALUES ($1, $2, $3, $4, $5) RETURNING "id"  [["created_at", "2014-11-25 01:52:05.456090"], ["name", "E8"], ["updated_at", "2014-11-25 01:52:05.456090"], ["url", "http://www.e8.com/"], ["user_id", -1]]
  [1m[36m (0.9ms)[0m  [1mCOMMIT[0m
Redirected to http://localhost:3000/startup_lists/1
Completed 302 Found in 10ms (ActiveRecord: 1.6ms)


Started GET "/startup_lists/1" for 127.0.0.1 at 2014-11-24 20:52:05 -0500
Processing by StartupListsController#show as HTML
  Parameters: {"id"=>"1"}
  [1m[35mStartupList Load (0.3ms)[0m  SELECT  "startup_lists".* FROM "startup_lists"  WHERE "startup_lists"."id" = $1 LIMIT 1  [["id", 1]]
  Rendered startup_lists/show.html.erb within layouts/application (0.7ms)
Completed 200 OK in 73ms (Views: 70.5ms | ActiveRecord: 0.3ms)


Started GET "/assets/application.css?body=1" for 127.0.0.1 at 2014-11-24 20:52:05 -0500


Started GET "/startup_lists" for 127.0.0.1 at 2014-11-24 20:52:08 -0500
Processing by StartupListsController#index as HTML
  [1m[36mStartupList Load (0.2ms)[0m  [1mSELECT "startup_lists".* FROM "startup_lists"[0m
  Rendered startup_lists/index.html.erb within layouts/application (0.9ms)
Completed 200 OK in 71ms (Views: 70.2ms | ActiveRecord: 0.2ms)


Started GET "/assets/application.css?body=1" for 127.0.0.1 at 2014-11-24 20:52:08 -0500


Started GET "/startup_list" for 127.0.0.1 at 2014-12-02 18:31:52 -0500
  [1m[36mActiveRecord::SchemaMigration Load (0.7ms)[0m  [1mSELECT "schema_migrations".* FROM "schema_migrations"[0m

ActionController::RoutingError (No route matches [GET] "/startup_list"):
  actionpack (4.1.7) lib/action_dispatch/middleware/debug_exceptions.rb:21:in `call'
  actionpack (4.1.7) lib/action_dispatch/middleware/show_exceptions.rb:30:in `call'
  railties (4.1.7) lib/rails/rack/logger.rb:38:in `call_app'
  railties (4.1.7) lib/rails/rack/logger.rb:20:in `block in call'
  activesupport (4.1.7) lib/active_support/tagged_logging.rb:68:in `block in tagged'
  activesupport (4.1.7) lib/active_support/tagged_logging.rb:26:in `tagged'
  activesupport (4.1.7) lib/active_support/tagged_logging.rb:68:in `tagged'
  railties (4.1.7) lib/rails/rack/logger.rb:20:in `call'
  actionpack (4.1.7) lib/action_dispatch/middleware/request_id.rb:21:in `call'
  rack (1.5.2) lib/rack/methodoverride.rb:21:in `call'
  rack (1.5.2) lib/rack/runtime.rb:17:in `call'
  activesupport (4.1.7) lib/active_support/cache/strategy/local_cache_middleware.rb:26:in `call'
  rack (1.5.2) lib/rack/lock.rb:17:in `call'
  actionpack (4.1.7) lib/action_dispatch/middleware/static.rb:84:in `call'
  rack (1.5.2) lib/rack/sendfile.rb:112:in `call'
  railties (4.1.7) lib/rails/engine.rb:514:in `call'
  railties (4.1.7) lib/rails/application.rb:144:in `call'
  rack (1.5.2) lib/rack/lock.rb:17:in `call'
  rack (1.5.2) lib/rack/content_length.rb:14:in `call'
  rack (1.5.2) lib/rack/handler/webrick.rb:60:in `service'
  /home/peej/.rbenv/versions/2.1.0/lib/ruby/2.1.0/webrick/httpserver.rb:138:in `service'
  /home/peej/.rbenv/versions/2.1.0/lib/ruby/2.1.0/webrick/httpserver.rb:94:in `run'
  /home/peej/.rbenv/versions/2.1.0/lib/ruby/2.1.0/webrick/server.rb:295:in `block in start_thread'


  Rendered /home/peej/.rbenv/versions/2.1.0/lib/ruby/gems/2.1.0/gems/actionpack-4.1.7/lib/action_dispatch/middleware/templates/rescues/_trace.html.erb (0.6ms)
  Rendered /home/peej/.rbenv/versions/2.1.0/lib/ruby/gems/2.1.0/gems/actionpack-4.1.7/lib/action_dispatch/middleware/templates/routes/_route.html.erb (1.5ms)
  Rendered /home/peej/.rbenv/versions/2.1.0/lib/ruby/gems/2.1.0/gems/actionpack-4.1.7/lib/action_dispatch/middleware/templates/routes/_table.html.erb (4.5ms)
  Rendered /home/peej/.rbenv/versions/2.1.0/lib/ruby/gems/2.1.0/gems/actionpack-4.1.7/lib/action_dispatch/middleware/templates/rescues/routing_error.html.erb within rescues/layout (23.6ms)


Started GET "/startup_lists" for 127.0.0.1 at 2014-12-02 18:31:56 -0500
Processing by StartupListsController#index as HTML
  [1m[35mStartupList Load (0.9ms)[0m  SELECT "startup_lists".* FROM "startup_lists"
  Rendered startup_lists/index.html.erb within layouts/application (8.2ms)
Completed 200 OK in 158ms (Views: 145.9ms | ActiveRecord: 3.7ms)


Started GET "/assets/application.css?body=1" for 127.0.0.1 at 2014-12-02 18:31:56 -0500


Started GET "/assets/ico/favicon.png" for 127.0.0.1 at 2014-12-02 18:31:56 -0500

ActionController::RoutingError (No route matches [GET] "/ico/favicon.png"):
  actionpack (4.1.7) lib/action_dispatch/middleware/debug_exceptions.rb:21:in `call'
  actionpack (4.1.7) lib/action_dispatch/middleware/show_exceptions.rb:30:in `call'
  railties (4.1.7) lib/rails/rack/logger.rb:38:in `call_app'
  railties (4.1.7) lib/rails/rack/logger.rb:20:in `block in call'
  activesupport (4.1.7) lib/active_support/tagged_logging.rb:68:in `block in tagged'
  activesupport (4.1.7) lib/active_support/tagged_logging.rb:26:in `tagged'
  activesupport (4.1.7) lib/active_support/tagged_logging.rb:68:in `tagged'
  railties (4.1.7) lib/rails/rack/logger.rb:20:in `call'
  actionpack (4.1.7) lib/action_dispatch/middleware/request_id.rb:21:in `call'
  rack (1.5.2) lib/rack/methodoverride.rb:21:in `call'
  rack (1.5.2) lib/rack/runtime.rb:17:in `call'
  activesupport (4.1.7) lib/active_support/cache/strategy/local_cache_middleware.rb:26:in `call'
  rack (1.5.2) lib/rack/lock.rb:17:in `call'
  actionpack (4.1.7) lib/action_dispatch/middleware/static.rb:84:in `call'
  rack (1.5.2) lib/rack/sendfile.rb:112:in `call'
  railties (4.1.7) lib/rails/engine.rb:514:in `call'
  railties (4.1.7) lib/rails/application.rb:144:in `call'
  rack (1.5.2) lib/rack/lock.rb:17:in `call'
  rack (1.5.2) lib/rack/content_length.rb:14:in `call'
  rack (1.5.2) lib/rack/handler/webrick.rb:60:in `service'
  /home/peej/.rbenv/versions/2.1.0/lib/ruby/2.1.0/webrick/httpserver.rb:138:in `service'
  /home/peej/.rbenv/versions/2.1.0/lib/ruby/2.1.0/webrick/httpserver.rb:94:in `run'
  /home/peej/.rbenv/versions/2.1.0/lib/ruby/2.1.0/webrick/server.rb:295:in `block in start_thread'


  Rendered /home/peej/.rbenv/versions/2.1.0/lib/ruby/gems/2.1.0/gems/actionpack-4.1.7/lib/action_dispatch/middleware/templates/rescues/_trace.html.erb (0.8ms)
  Rendered /home/peej/.rbenv/versions/2.1.0/lib/ruby/gems/2.1.0/gems/actionpack-4.1.7/lib/action_dispatch/middleware/templates/routes/_route.html.erb (4.4ms)
  Rendered /home/peej/.rbenv/versions/2.1.0/lib/ruby/gems/2.1.0/gems/actionpack-4.1.7/lib/action_dispatch/middleware/templates/routes/_table.html.erb (1.1ms)
  Rendered /home/peej/.rbenv/versions/2.1.0/lib/ruby/gems/2.1.0/gems/actionpack-4.1.7/lib/action_dispatch/middleware/templates/rescues/routing_error.html.erb within rescues/layout (19.2ms)


Started GET "/startup_lists" for 127.0.0.1 at 2014-12-02 18:33:14 -0500
Processing by StartupListsController#index as HTML
  [1m[36mStartupList Load (0.2ms)[0m  [1mSELECT "startup_lists".* FROM "startup_lists"[0m
  Rendered startup_lists/index.html.erb within layouts/application (1.3ms)
Completed 200 OK in 68ms (Views: 67.3ms | ActiveRecord: 0.2ms)


Started GET "/assets/application.css?body=1" for 127.0.0.1 at 2014-12-02 18:33:15 -0500


Started GET "/startup_lists/1" for 127.0.0.1 at 2014-12-02 18:35:49 -0500
Processing by StartupListsController#show as HTML
  Parameters: {"id"=>"1"}
  [1m[35mStartupList Load (0.4ms)[0m  SELECT  "startup_lists".* FROM "startup_lists"  WHERE "startup_lists"."id" = $1 LIMIT 1  [["id", 1]]
  Rendered startup_lists/show.html.erb within layouts/application (0.7ms)
Completed 200 OK in 73ms (Views: 65.8ms | ActiveRecord: 0.7ms)


Started GET "/assets/application.css?body=1" for 127.0.0.1 at 2014-12-02 18:35:49 -0500


Started GET "/startup_lists" for 127.0.0.1 at 2014-12-02 18:35:53 -0500
Processing by StartupListsController#index as HTML
  [1m[36mStartupList Load (0.2ms)[0m  [1mSELECT "startup_lists".* FROM "startup_lists"[0m
  Rendered startup_lists/index.html.erb within layouts/application (0.9ms)
Completed 200 OK in 61ms (Views: 60.5ms | ActiveRecord: 0.2ms)


Started GET "/assets/application.css?body=1" for 127.0.0.1 at 2014-12-02 18:35:53 -0500


Started GET "/startup_lists/1/edit" for 127.0.0.1 at 2014-12-02 18:35:55 -0500
Processing by StartupListsController#edit as HTML
  Parameters: {"id"=>"1"}
  [1m[35mStartupList Load (0.3ms)[0m  SELECT  "startup_lists".* FROM "startup_lists"  WHERE "startup_lists"."id" = $1 LIMIT 1  [["id", 1]]
  Rendered startup_lists/_form.html.erb (13.4ms)
  Rendered startup_lists/edit.html.erb within layouts/application (14.2ms)
Completed 200 OK in 80ms (Views: 79.3ms | ActiveRecord: 0.3ms)


Started GET "/assets/application.css?body=1" for 127.0.0.1 at 2014-12-02 18:35:55 -0500


Started GET "/startup_lists" for 127.0.0.1 at 2014-12-02 18:35:58 -0500
Processing by StartupListsController#index as HTML
  [1m[36mStartupList Load (0.2ms)[0m  [1mSELECT "startup_lists".* FROM "startup_lists"[0m
  Rendered startup_lists/index.html.erb within layouts/application (0.9ms)
Completed 200 OK in 67ms (Views: 66.2ms | ActiveRecord: 0.2ms)


Started GET "/assets/application.css?body=1" for 127.0.0.1 at 2014-12-02 18:35:58 -0500


Started GET "/startup_lists" for 127.0.0.1 at 2014-12-02 18:38:55 -0500
Processing by StartupListsController#index as HTML
  [1m[35mStartupList Load (0.2ms)[0m  SELECT "startup_lists".* FROM "startup_lists"
  Rendered startup_lists/index.html.erb within layouts/application (0.9ms)
Completed 200 OK in 62ms (Views: 61.7ms | ActiveRecord: 0.2ms)


Started GET "/assets/application.css?body=1" for 127.0.0.1 at 2014-12-02 18:38:55 -0500


Started GET "/startup_lists" for 127.0.0.1 at 2014-12-02 18:39:21 -0500
Processing by StartupListsController#index as HTML
  [1m[36mStartupList Load (0.2ms)[0m  [1mSELECT "startup_lists".* FROM "startup_lists"[0m
  Rendered startup_lists/index.html.erb within layouts/application (0.9ms)
Completed 200 OK in 64ms (Views: 62.9ms | ActiveRecord: 0.2ms)


Started GET "/assets/application.css?body=1" for 127.0.0.1 at 2014-12-02 18:39:21 -0500


Started GET "/startup_resources" for 127.0.0.1 at 2014-12-02 18:39:30 -0500
Processing by StartupResourcesController#index as HTML
  [1m[35mStartupResource Load (0.9ms)[0m  SELECT "startup_resources"."category" FROM "startup_resources"  GROUP BY category
  [1m[36mStartupResource Load (0.2ms)[0m  [1mSELECT "startup_resources".* FROM "startup_resources"[0m
  Rendered startup_resources/index.html.erb within layouts/application (5.4ms)
Completed 200 OK in 76ms (Views: 70.9ms | ActiveRecord: 3.2ms)


Started GET "/assets/application.css?body=1" for 127.0.0.1 at 2014-12-02 18:39:30 -0500


Started GET "/startup_resources/new" for 127.0.0.1 at 2014-12-02 18:47:00 -0500
Processing by StartupResourcesController#new as HTML
  Rendered startup_resources/_form.html.erb (3.9ms)
  Rendered startup_resources/new.html.erb within layouts/application (4.6ms)
Completed 200 OK in 63ms (Views: 62.6ms | ActiveRecord: 0.0ms)


Started GET "/assets/application.css?body=1" for 127.0.0.1 at 2014-12-02 18:47:01 -0500


Started POST "/startup_resources" for 127.0.0.1 at 2014-12-02 18:47:32 -0500
Processing by StartupResourcesController#create as HTML
  Parameters: {"utf8"=>"✓", "authenticity_token"=>"EghrFRKbru90CPmor+MlAKlFSmFgAI8/paAyq/1xHOM=", "startup_resource"=>{"user_id"=>"", "category"=>"Co-Working", "name"=>"Packard Place", "url"=>"http://packardplace.us/"}, "commit"=>"Create Startup resource"}
  [1m[35m (0.1ms)[0m  BEGIN
  [1m[36mSQL (0.6ms)[0m  [1mINSERT INTO "startup_resources" ("category", "created_at", "name", "updated_at", "url") VALUES ($1, $2, $3, $4, $5) RETURNING "id"[0m  [["category", "Co-Working"], ["created_at", "2014-12-02 23:47:32.240680"], ["name", "Packard Place"], ["updated_at", "2014-12-02 23:47:32.240680"], ["url", "http://packardplace.us/"]]
  [1m[35m (0.9ms)[0m  COMMIT
Redirected to http://localhost:3000/startup_resources/1
Completed 302 Found in 9ms (ActiveRecord: 1.6ms)


Started GET "/startup_resources/1" for 127.0.0.1 at 2014-12-02 18:47:32 -0500
Processing by StartupResourcesController#show as HTML
  Parameters: {"id"=>"1"}
  [1m[36mStartupResource Load (0.2ms)[0m  [1mSELECT  "startup_resources".* FROM "startup_resources"  WHERE "startup_resources"."id" = $1 LIMIT 1[0m  [["id", 1]]
  Rendered startup_resources/show.html.erb within layouts/application (0.6ms)
Completed 200 OK in 66ms (Views: 65.1ms | ActiveRecord: 0.2ms)


Started GET "/assets/application.css?body=1" for 127.0.0.1 at 2014-12-02 18:47:32 -0500


Started GET "/startup_resources" for 127.0.0.1 at 2014-12-02 18:47:35 -0500
Processing by StartupResourcesController#index as HTML
  [1m[35mStartupResource Load (0.2ms)[0m  SELECT "startup_resources"."category" FROM "startup_resources"  GROUP BY category
  [1m[36mStartupResource Load (0.1ms)[0m  [1mSELECT "startup_resources".* FROM "startup_resources"[0m
  Rendered startup_resources/index.html.erb within layouts/application (1.2ms)
Completed 200 OK in 70ms (Views: 68.9ms | ActiveRecord: 0.4ms)


Started GET "/assets/application.css?body=1" for 127.0.0.1 at 2014-12-02 18:47:35 -0500


Started GET "/" for 127.0.0.1 at 2014-12-02 19:05:30 -0500
Processing by WelcomeController#index as HTML
  Rendered welcome/index.html.erb within layouts/application (0.5ms)
Completed 200 OK in 67ms (Views: 66.1ms | ActiveRecord: 0.0ms)


Started GET "/assets/application.css?body=1" for 127.0.0.1 at 2014-12-02 19:05:30 -0500


Started GET "/startup_lists/new" for 127.0.0.1 at 2014-12-02 19:35:11 -0500
Processing by StartupListsController#new as HTML
  Rendered startup_lists/_form.html.erb (1.4ms)
  Rendered startup_lists/new.html.erb within layouts/application (2.0ms)
Completed 200 OK in 69ms (Views: 68.2ms | ActiveRecord: 0.0ms)


Started GET "/assets/application.css?body=1" for 127.0.0.1 at 2014-12-02 19:35:11 -0500


Started GET "/startup_lists/1" for 127.0.0.1 at 2014-12-02 19:45:41 -0500

SyntaxError (/home/peej/gradclass/tts-grad-class/config/routes.rb:2: syntax error, unexpected <<
<<<<<<< HEAD
  ^
/home/peej/gradclass/tts-grad-class/config/routes.rb:5: syntax error, unexpected ===, expecting keyword_end
=======
   ^):
  config/routes.rb:2: syntax error, unexpected <<
  config/routes.rb:5: syntax error, unexpected ===, expecting keyword_end


  Rendered /home/peej/.rbenv/versions/2.1.0/lib/ruby/gems/2.1.0/gems/actionpack-4.1.7/lib/action_dispatch/middleware/templates/rescues/_source.erb (0.4ms)
  Rendered /home/peej/.rbenv/versions/2.1.0/lib/ruby/gems/2.1.0/gems/actionpack-4.1.7/lib/action_dispatch/middleware/templates/rescues/_trace.html.erb (0.6ms)
  Rendered /home/peej/.rbenv/versions/2.1.0/lib/ruby/gems/2.1.0/gems/actionpack-4.1.7/lib/action_dispatch/middleware/templates/rescues/_request_and_response.html.erb (0.6ms)
  Rendered /home/peej/.rbenv/versions/2.1.0/lib/ruby/gems/2.1.0/gems/actionpack-4.1.7/lib/action_dispatch/middleware/templates/rescues/diagnostics.erb within rescues/layout (10.5ms)


Started GET "/startup_lists/1" for 127.0.0.1 at 2014-12-02 19:51:28 -0500
Processing by StartupListsController#show as HTML
  Parameters: {"id"=>"1"}
  [1m[35mStartupList Load (0.1ms)[0m  SELECT  "startup_lists".* FROM "startup_lists"  WHERE "startup_lists"."id" = $1 LIMIT 1  [["id", 1]]
  Rendered startup_lists/show.html.erb within layouts/application (0.3ms)
Completed 200 OK in 71ms (Views: 65.3ms | ActiveRecord: 1.3ms)


Started GET "/assets/application.css?body=1" for 127.0.0.1 at 2014-12-02 19:51:28 -0500


Started GET "/startup_lists/1" for 127.0.0.1 at 2014-12-02 19:53:27 -0500
Processing by StartupListsController#show as HTML
  Parameters: {"id"=>"1"}
  [1m[36mStartupList Load (0.2ms)[0m  [1mSELECT  "startup_lists".* FROM "startup_lists"  WHERE "startup_lists"."id" = $1 LIMIT 1[0m  [["id", 1]]
  Rendered startup_lists/show.html.erb within layouts/application (0.2ms)
Completed 200 OK in 61ms (Views: 60.3ms | ActiveRecord: 0.2ms)


Started GET "/assets/application.css?body=1" for 127.0.0.1 at 2014-12-02 19:53:27 -0500


Started GET "/startup_lists" for 127.0.0.1 at 2014-12-02 19:53:54 -0500
Processing by StartupListsController#index as HTML
  [1m[35mStartupList Load (0.2ms)[0m  SELECT "startup_lists".* FROM "startup_lists"
  Rendered startup_lists/index.html.erb within layouts/application (1.1ms)
Completed 200 OK in 91ms (Views: 90.5ms | ActiveRecord: 0.2ms)


Started GET "/assets/application.css?body=1" for 127.0.0.1 at 2014-12-02 19:53:54 -0500


Started GET "/startup_lists/new" for 127.0.0.1 at 2014-12-02 19:53:58 -0500
Processing by StartupListsController#new as HTML
  Rendered startup_lists/_form.html.erb (1.4ms)
  Rendered startup_lists/new.html.erb within layouts/application (1.8ms)
Completed 200 OK in 68ms (Views: 67.6ms | ActiveRecord: 0.0ms)


Started GET "/assets/application.css?body=1" for 127.0.0.1 at 2014-12-02 19:53:58 -0500


Started GET "/startup_lists" for 127.0.0.1 at 2014-12-02 19:54:06 -0500
Processing by StartupListsController#index as HTML
  [1m[36mStartupList Load (0.2ms)[0m  [1mSELECT "startup_lists".* FROM "startup_lists"[0m
  Rendered startup_lists/index.html.erb within layouts/application (0.9ms)
Completed 200 OK in 62ms (Views: 61.1ms | ActiveRecord: 0.2ms)


Started GET "/assets/application.css?body=1" for 127.0.0.1 at 2014-12-02 19:54:06 -0500


Started GET "/startup_lists/1/edit" for 127.0.0.1 at 2014-12-02 19:54:11 -0500
Processing by StartupListsController#edit as HTML
  Parameters: {"id"=>"1"}
  [1m[35mStartupList Load (0.2ms)[0m  SELECT  "startup_lists".* FROM "startup_lists"  WHERE "startup_lists"."id" = $1 LIMIT 1  [["id", 1]]
  Rendered startup_lists/_form.html.erb (1.2ms)
  Rendered startup_lists/edit.html.erb within layouts/application (1.6ms)
Completed 200 OK in 65ms (Views: 64.1ms | ActiveRecord: 0.2ms)


Started GET "/assets/application.css?body=1" for 127.0.0.1 at 2014-12-02 19:54:12 -0500


Started GET "/startup_lists" for 127.0.0.1 at 2014-12-02 19:55:57 -0500
Processing by StartupListsController#index as HTML
  [1m[36mStartupList Load (0.2ms)[0m  [1mSELECT "startup_lists".* FROM "startup_lists"[0m
  Rendered startup_lists/index.html.erb within layouts/application (0.8ms)
Completed 200 OK in 61ms (Views: 60.2ms | ActiveRecord: 0.2ms)


Started GET "/assets/application.css?body=1" for 127.0.0.1 at 2014-12-02 19:55:57 -0500


Started GET "/startup_lists" for 127.0.0.1 at 2014-12-02 19:59:21 -0500
Processing by StartupListsController#index as HTML
  [1m[35mStartupList Load (0.3ms)[0m  SELECT "startup_lists".* FROM "startup_lists"
  Rendered startup_lists/index.html.erb within layouts/application (1.0ms)
Completed 200 OK in 69ms (Views: 67.8ms | ActiveRecord: 0.3ms)


Started GET "/assets/application.css?body=1" for 127.0.0.1 at 2014-12-02 19:59:21 -0500


Started GET "/startup_lists" for 127.0.0.1 at 2014-12-02 19:59:29 -0500
Processing by StartupListsController#index as HTML
  [1m[36mStartupList Load (0.2ms)[0m  [1mSELECT "startup_lists".* FROM "startup_lists"[0m
  Rendered startup_lists/index.html.erb within layouts/application (0.8ms)
Completed 200 OK in 67ms (Views: 66.6ms | ActiveRecord: 0.2ms)


Started GET "/assets/application.css?body=1" for 127.0.0.1 at 2014-12-02 19:59:29 -0500


Started GET "/" for 127.0.0.1 at 2014-12-02 20:12:40 -0500
Processing by WelcomeController#index as HTML
  Rendered welcome/index.html.erb within layouts/application (0.0ms)
Completed 200 OK in 62ms (Views: 61.4ms | ActiveRecord: 0.0ms)


Started GET "/assets/application.css?body=1" for 127.0.0.1 at 2014-12-02 20:12:40 -0500


Started GET "/startup_resources" for 127.0.0.1 at 2014-12-02 20:12:41 -0500
Processing by StartupResourcesController#index as HTML
  [1m[35mStartupResource Load (0.2ms)[0m  SELECT "startup_resources"."category" FROM "startup_resources"  GROUP BY category
  [1m[36mStartupResource Load (0.2ms)[0m  [1mSELECT "startup_resources".* FROM "startup_resources"[0m
  Rendered startup_resources/index.html.erb within layouts/application (6.6ms)
Completed 200 OK in 75ms (Views: 72.4ms | ActiveRecord: 1.6ms)


Started GET "/assets/application.css?body=1" for 127.0.0.1 at 2014-12-02 20:12:41 -0500


Started GET "/startup_lists" for 127.0.0.1 at 2014-12-02 20:12:44 -0500
Processing by StartupListsController#index as HTML
  [1m[35mStartupList Load (0.3ms)[0m  SELECT "startup_lists".* FROM "startup_lists"
  Rendered startup_lists/index.html.erb within layouts/application (1.2ms)
Completed 200 OK in 69ms (Views: 67.9ms | ActiveRecord: 0.3ms)


Started GET "/assets/application.css?body=1" for 127.0.0.1 at 2014-12-02 20:12:44 -0500


Started GET "/assets/jquery.js?body=1" for 127.0.0.1 at 2014-12-02 20:13:36 -0500


Started GET "/assets/turbolinks.js?body=1" for 127.0.0.1 at 2014-12-02 20:13:36 -0500


Started GET "/assets/jquery_ujs.js?body=1" for 127.0.0.1 at 2014-12-02 20:13:36 -0500


Started GET "/assets/startup_lists.js?body=1" for 127.0.0.1 at 2014-12-02 20:13:36 -0500


Started GET "/assets/welcome.js?body=1" for 127.0.0.1 at 2014-12-02 20:13:36 -0500


Started GET "/assets/bootstrap/affix.js?body=1" for 127.0.0.1 at 2014-12-02 20:13:36 -0500


Started GET "/assets/bootstrap/alert.js?body=1" for 127.0.0.1 at 2014-12-02 20:13:36 -0500


Started GET "/assets/bootstrap/button.js?body=1" for 127.0.0.1 at 2014-12-02 20:13:36 -0500


Started GET "/assets/bootstrap/carousel.js?body=1" for 127.0.0.1 at 2014-12-02 20:13:36 -0500


Started GET "/assets/bootstrap/collapse.js?body=1" for 127.0.0.1 at 2014-12-02 20:13:36 -0500


Started GET "/assets/bootstrap/dropdown.js?body=1" for 127.0.0.1 at 2014-12-02 20:13:36 -0500


Started GET "/assets/bootstrap/tab.js?body=1" for 127.0.0.1 at 2014-12-02 20:13:36 -0500


Started GET "/assets/bootstrap/transition.js?body=1" for 127.0.0.1 at 2014-12-02 20:13:36 -0500


Started GET "/assets/bootstrap/scrollspy.js?body=1" for 127.0.0.1 at 2014-12-02 20:13:36 -0500


Started GET "/assets/bootstrap/modal.js?body=1" for 127.0.0.1 at 2014-12-02 20:13:36 -0500


Started GET "/assets/bootstrap/popover.js?body=1" for 127.0.0.1 at 2014-12-02 20:13:36 -0500


Started GET "/assets/bootstrap/tooltip.js?body=1" for 127.0.0.1 at 2014-12-02 20:13:36 -0500


Started GET "/assets/bootstrap-sprockets.js?body=1" for 127.0.0.1 at 2014-12-02 20:13:36 -0500


Started GET "/assets/application.js?body=1" for 127.0.0.1 at 2014-12-02 20:13:36 -0500


Started GET "/startup_lists" for 127.0.0.1 at 2014-12-02 20:13:45 -0500
Processing by StartupListsController#index as HTML
  [1m[36mStartupList Load (0.3ms)[0m  [1mSELECT "startup_lists".* FROM "startup_lists"[0m
  Rendered startup_lists/index.html.erb within layouts/application (1.1ms)
Completed 200 OK in 68ms (Views: 67.4ms | ActiveRecord: 0.3ms)


Started GET "/assets/application.css?body=1" for 127.0.0.1 at 2014-12-02 20:13:45 -0500


Started GET "/assets/ico/favicon.png" for 127.0.0.1 at 2014-12-02 20:13:45 -0500

ActionController::RoutingError (No route matches [GET] "/ico/favicon.png"):
  actionpack (4.1.7) lib/action_dispatch/middleware/debug_exceptions.rb:21:in `call'
  actionpack (4.1.7) lib/action_dispatch/middleware/show_exceptions.rb:30:in `call'
  railties (4.1.7) lib/rails/rack/logger.rb:38:in `call_app'
  railties (4.1.7) lib/rails/rack/logger.rb:20:in `block in call'
  activesupport (4.1.7) lib/active_support/tagged_logging.rb:68:in `block in tagged'
  activesupport (4.1.7) lib/active_support/tagged_logging.rb:26:in `tagged'
  activesupport (4.1.7) lib/active_support/tagged_logging.rb:68:in `tagged'
  railties (4.1.7) lib/rails/rack/logger.rb:20:in `call'
  actionpack (4.1.7) lib/action_dispatch/middleware/request_id.rb:21:in `call'
  rack (1.5.2) lib/rack/methodoverride.rb:21:in `call'
  rack (1.5.2) lib/rack/runtime.rb:17:in `call'
  activesupport (4.1.7) lib/active_support/cache/strategy/local_cache_middleware.rb:26:in `call'
  rack (1.5.2) lib/rack/lock.rb:17:in `call'
  actionpack (4.1.7) lib/action_dispatch/middleware/static.rb:84:in `call'
  rack (1.5.2) lib/rack/sendfile.rb:112:in `call'
  railties (4.1.7) lib/rails/engine.rb:514:in `call'
  railties (4.1.7) lib/rails/application.rb:144:in `call'
  rack (1.5.2) lib/rack/lock.rb:17:in `call'
  rack (1.5.2) lib/rack/content_length.rb:14:in `call'
  rack (1.5.2) lib/rack/handler/webrick.rb:60:in `service'
  /home/peej/.rbenv/versions/2.1.0/lib/ruby/2.1.0/webrick/httpserver.rb:138:in `service'
  /home/peej/.rbenv/versions/2.1.0/lib/ruby/2.1.0/webrick/httpserver.rb:94:in `run'
  /home/peej/.rbenv/versions/2.1.0/lib/ruby/2.1.0/webrick/server.rb:295:in `block in start_thread'


  Rendered /home/peej/.rbenv/versions/2.1.0/lib/ruby/gems/2.1.0/gems/actionpack-4.1.7/lib/action_dispatch/middleware/templates/rescues/_trace.html.erb (0.6ms)
  Rendered /home/peej/.rbenv/versions/2.1.0/lib/ruby/gems/2.1.0/gems/actionpack-4.1.7/lib/action_dispatch/middleware/templates/routes/_route.html.erb (1.5ms)
  Rendered /home/peej/.rbenv/versions/2.1.0/lib/ruby/gems/2.1.0/gems/actionpack-4.1.7/lib/action_dispatch/middleware/templates/routes/_table.html.erb (0.6ms)
  Rendered /home/peej/.rbenv/versions/2.1.0/lib/ruby/gems/2.1.0/gems/actionpack-4.1.7/lib/action_dispatch/middleware/templates/rescues/routing_error.html.erb within rescues/layout (16.4ms)


Started GET "/startup_lists" for 127.0.0.1 at 2014-12-02 20:19:22 -0500
Processing by StartupListsController#index as HTML
  [1m[35mStartupList Load (0.3ms)[0m  SELECT "startup_lists".* FROM "startup_lists"
  Rendered startup_lists/index.html.erb within layouts/application (1.2ms)
Completed 200 OK in 61ms (Views: 60.6ms | ActiveRecord: 0.3ms)


Started GET "/" for 127.0.0.1 at 2014-12-02 20:20:40 -0500
Processing by WelcomeController#index as HTML
  Rendered welcome/index.html.erb within layouts/application (0.7ms)
Completed 200 OK in 118ms (Views: 117.6ms | ActiveRecord: 0.0ms)


Started GET "/" for 127.0.0.1 at 2014-12-02 20:20:44 -0500
Processing by WelcomeController#index as HTML
  Rendered welcome/index.html.erb within layouts/application (0.0ms)
Completed 200 OK in 56ms (Views: 56.1ms | ActiveRecord: 0.0ms)
